app/build/intermediates/manifest_merge_blame_file/debug/manifest-merger-blame-debug-report.txt
1<?xml version="1.0" encoding="utf-8"?>
2<manifest xmlns:android="http://schemas.android.com/apk/res/android"
3    package="com.metelci.ardunakon"
4    android:versionCode="1"
5    android:versionName="1.0" >
6
7    <uses-sdk
8        android:minSdkVersion="26"
9        android:targetSdkVersion="34" />
10
11    <!-- Legacy Bluetooth Permissions -->
12    <uses-permission
12-->src\main\AndroidManifest.xml:7:5-8:38
13        android:name="android.permission.BLUETOOTH"
13-->src\main\AndroidManifest.xml:7:22-65
14        android:maxSdkVersion="30" />
14-->src\main\AndroidManifest.xml:8:9-35
15    <uses-permission
15-->src\main\AndroidManifest.xml:9:5-10:38
16        android:name="android.permission.BLUETOOTH_ADMIN"
16-->src\main\AndroidManifest.xml:9:22-71
17        android:maxSdkVersion="30" />
17-->src\main\AndroidManifest.xml:10:9-35
18
19    <!-- Android 12+ Bluetooth Permissions -->
20    <uses-permission android:name="android.permission.BLUETOOTH_CONNECT" />
20-->src\main\AndroidManifest.xml:13:5-76
20-->src\main\AndroidManifest.xml:13:22-73
21    <uses-permission
21-->src\main\AndroidManifest.xml:14:5-16:31
22        android:name="android.permission.BLUETOOTH_SCAN"
22-->src\main\AndroidManifest.xml:14:22-70
23        android:usesPermissionFlags="neverForLocation" />
23-->src\main\AndroidManifest.xml:15:9-55
24
25    <!-- Location needed for scanning on older Android versions -->
26    <uses-permission
26-->src\main\AndroidManifest.xml:19:5-20:38
27        android:name="android.permission.ACCESS_FINE_LOCATION"
27-->src\main\AndroidManifest.xml:19:22-76
28        android:maxSdkVersion="30" />
28-->src\main\AndroidManifest.xml:20:9-35
29    <uses-permission
29-->src\main\AndroidManifest.xml:21:5-22:38
30        android:name="android.permission.ACCESS_COARSE_LOCATION"
30-->src\main\AndroidManifest.xml:21:22-78
31        android:maxSdkVersion="30" />
31-->src\main\AndroidManifest.xml:22:9-35
32    <uses-permission android:name="android.permission.WAKE_LOCK" />
32-->src\main\AndroidManifest.xml:23:5-68
32-->src\main\AndroidManifest.xml:23:22-65
33    <uses-permission android:name="android.permission.FOREGROUND_SERVICE" />
33-->src\main\AndroidManifest.xml:24:5-77
33-->src\main\AndroidManifest.xml:24:22-74
34
35    <uses-feature
35-->src\main\AndroidManifest.xml:26:5-86
36        android:name="android.hardware.bluetooth"
36-->src\main\AndroidManifest.xml:26:19-60
37        android:required="true" />
37-->src\main\AndroidManifest.xml:26:61-84
38    <uses-feature
38-->src\main\AndroidManifest.xml:27:5-89
39        android:name="android.hardware.bluetooth_le"
39-->src\main\AndroidManifest.xml:27:19-63
40        android:required="true" />
40-->src\main\AndroidManifest.xml:27:64-87
41
42    <permission
42-->[androidx.core:core:1.12.0] AndroidManifest.xml:22:5-24:47
43        android:name="com.metelci.ardunakon.DYNAMIC_RECEIVER_NOT_EXPORTED_PERMISSION"
43-->[androidx.core:core:1.12.0] AndroidManifest.xml:23:9-81
44        android:protectionLevel="signature" />
44-->[androidx.core:core:1.12.0] AndroidManifest.xml:24:9-44
45
46    <uses-permission android:name="com.metelci.ardunakon.DYNAMIC_RECEIVER_NOT_EXPORTED_PERMISSION" />
46-->[androidx.core:core:1.12.0] AndroidManifest.xml:26:5-97
46-->[androidx.core:core:1.12.0] AndroidManifest.xml:26:22-94
47
48    <application
48-->src\main\AndroidManifest.xml:29:5-52:19
49        android:allowBackup="false"
49-->src\main\AndroidManifest.xml:30:9-36
50        android:appComponentFactory="androidx.core.app.CoreComponentFactory"
50-->[androidx.core:core:1.12.0] AndroidManifest.xml:28:18-86
51        android:debuggable="true"
52        android:extractNativeLibs="false"
53        android:icon="@mipmap/ic_launcher"
53-->src\main\AndroidManifest.xml:31:9-43
54        android:label="@string/app_name"
54-->src\main\AndroidManifest.xml:32:9-41
55        android:roundIcon="@mipmap/ic_launcher_round"
55-->src\main\AndroidManifest.xml:33:9-54
56        android:supportsRtl="true"
56-->src\main\AndroidManifest.xml:34:9-35
57        android:testOnly="true"
58        android:theme="@style/Theme.Ardunakon" >
58-->src\main\AndroidManifest.xml:35:9-47
59        <service
59-->src\main\AndroidManifest.xml:38:9-40:40
60            android:name="com.metelci.ardunakon.service.BluetoothService"
60-->src\main\AndroidManifest.xml:38:18-58
61            android:exported="false"
61-->src\main\AndroidManifest.xml:40:13-37
62            android:foregroundServiceType="connectedDevice" />
62-->src\main\AndroidManifest.xml:39:13-60
63
64        <activity
64-->src\main\AndroidManifest.xml:42:9-51:20
65            android:name="com.metelci.ardunakon.MainActivity"
65-->src\main\AndroidManifest.xml:43:13-41
66            android:exported="true"
66-->src\main\AndroidManifest.xml:44:13-36
67            android:screenOrientation="landscape"
67-->src\main\AndroidManifest.xml:45:13-50
68            android:theme="@style/Theme.Ardunakon" >
68-->src\main\AndroidManifest.xml:46:13-51
69            <intent-filter>
69-->src\main\AndroidManifest.xml:47:13-50:29
70                <action android:name="android.intent.action.MAIN" />
70-->src\main\AndroidManifest.xml:48:17-69
70-->src\main\AndroidManifest.xml:48:25-66
71
72                <category android:name="android.intent.category.LAUNCHER" />
72-->src\main\AndroidManifest.xml:49:17-77
72-->src\main\AndroidManifest.xml:49:27-74
73            </intent-filter>
74        </activity>
75        <activity
75-->[androidx.compose.ui:ui-test-manifest:1.5.0] AndroidManifest.xml:23:9-25:39
76            android:name="androidx.activity.ComponentActivity"
76-->[androidx.compose.ui:ui-test-manifest:1.5.0] AndroidManifest.xml:24:13-63
77            android:exported="true" />
77-->[androidx.compose.ui:ui-test-manifest:1.5.0] AndroidManifest.xml:25:13-36
78        <activity
78-->[androidx.compose.ui:ui-tooling-android:1.5.0] AndroidManifest.xml:23:9-25:39
79            android:name="androidx.compose.ui.tooling.PreviewActivity"
79-->[androidx.compose.ui:ui-tooling-android:1.5.0] AndroidManifest.xml:24:13-71
80            android:exported="true" />
80-->[androidx.compose.ui:ui-tooling-android:1.5.0] AndroidManifest.xml:25:13-36
81
82        <provider
82-->[androidx.emoji2:emoji2:1.4.0] AndroidManifest.xml:24:9-32:20
83            android:name="androidx.startup.InitializationProvider"
83-->[androidx.emoji2:emoji2:1.4.0] AndroidManifest.xml:25:13-67
84            android:authorities="com.metelci.ardunakon.androidx-startup"
84-->[androidx.emoji2:emoji2:1.4.0] AndroidManifest.xml:26:13-68
85            android:exported="false" >
85-->[androidx.emoji2:emoji2:1.4.0] AndroidManifest.xml:27:13-37
86            <meta-data
86-->[androidx.emoji2:emoji2:1.4.0] AndroidManifest.xml:29:13-31:52
87                android:name="androidx.emoji2.text.EmojiCompatInitializer"
87-->[androidx.emoji2:emoji2:1.4.0] AndroidManifest.xml:30:17-75
88                android:value="androidx.startup" />
88-->[androidx.emoji2:emoji2:1.4.0] AndroidManifest.xml:31:17-49
89            <meta-data
89-->[androidx.lifecycle:lifecycle-process:2.7.0] AndroidManifest.xml:29:13-31:52
90                android:name="androidx.lifecycle.ProcessLifecycleInitializer"
90-->[androidx.lifecycle:lifecycle-process:2.7.0] AndroidManifest.xml:30:17-78
91                android:value="androidx.startup" />
91-->[androidx.lifecycle:lifecycle-process:2.7.0] AndroidManifest.xml:31:17-49
92            <meta-data
92-->[androidx.profileinstaller:profileinstaller:1.3.0] AndroidManifest.xml:29:13-31:52
93                android:name="androidx.profileinstaller.ProfileInstallerInitializer"
93-->[androidx.profileinstaller:profileinstaller:1.3.0] AndroidManifest.xml:30:17-85
94                android:value="androidx.startup" />
94-->[androidx.profileinstaller:profileinstaller:1.3.0] AndroidManifest.xml:31:17-49
95        </provider>
96
97        <receiver
97-->[androidx.profileinstaller:profileinstaller:1.3.0] AndroidManifest.xml:34:9-52:20
98            android:name="androidx.profileinstaller.ProfileInstallReceiver"
98-->[androidx.profileinstaller:profileinstaller:1.3.0] AndroidManifest.xml:35:13-76
99            android:directBootAware="false"
99-->[androidx.profileinstaller:profileinstaller:1.3.0] AndroidManifest.xml:36:13-44
100            android:enabled="true"
100-->[androidx.profileinstaller:profileinstaller:1.3.0] AndroidManifest.xml:37:13-35
101            android:exported="true"
101-->[androidx.profileinstaller:profileinstaller:1.3.0] AndroidManifest.xml:38:13-36
102            android:permission="android.permission.DUMP" >
102-->[androidx.profileinstaller:profileinstaller:1.3.0] AndroidManifest.xml:39:13-57
103            <intent-filter>
103-->[androidx.profileinstaller:profileinstaller:1.3.0] AndroidManifest.xml:40:13-42:29
104                <action android:name="androidx.profileinstaller.action.INSTALL_PROFILE" />
104-->[androidx.profileinstaller:profileinstaller:1.3.0] AndroidManifest.xml:41:17-91
104-->[androidx.profileinstaller:profileinstaller:1.3.0] AndroidManifest.xml:41:25-88
105            </intent-filter>
106            <intent-filter>
106-->[androidx.profileinstaller:profileinstaller:1.3.0] AndroidManifest.xml:43:13-45:29
107                <action android:name="androidx.profileinstaller.action.SKIP_FILE" />
107-->[androidx.profileinstaller:profileinstaller:1.3.0] AndroidManifest.xml:44:17-85
107-->[androidx.profileinstaller:profileinstaller:1.3.0] AndroidManifest.xml:44:25-82
108            </intent-filter>
109            <intent-filter>
109-->[androidx.profileinstaller:profileinstaller:1.3.0] AndroidManifest.xml:46:13-48:29
110                <action android:name="androidx.profileinstaller.action.SAVE_PROFILE" />
110-->[androidx.profileinstaller:profileinstaller:1.3.0] AndroidManifest.xml:47:17-88
110-->[androidx.profileinstaller:profileinstaller:1.3.0] AndroidManifest.xml:47:25-85
111            </intent-filter>
112            <intent-filter>
112-->[androidx.profileinstaller:profileinstaller:1.3.0] AndroidManifest.xml:49:13-51:29
113                <action android:name="androidx.profileinstaller.action.BENCHMARK_OPERATION" />
113-->[androidx.profileinstaller:profileinstaller:1.3.0] AndroidManifest.xml:50:17-95
113-->[androidx.profileinstaller:profileinstaller:1.3.0] AndroidManifest.xml:50:25-92
114            </intent-filter>
115        </receiver>
116    </application>
117
118</manifest>